{
  "stats": {
    "suites": 1,
    "tests": 2,
    "passes": 2,
    "pending": 0,
    "failures": 0,
    "start": "2025-08-09T17:30:04.981Z",
    "end": "2025-08-09T17:30:11.240Z",
    "duration": 6259,
    "testsRegistered": 2,
    "passPercent": 100,
    "pendingPercent": 0,
    "other": 0,
    "hasOther": false,
    "skipped": 0,
    "hasSkipped": false
  },
  "results": [
    {
      "uuid": "096ca053-b001-4ece-996b-3bce5d84c5f5",
      "title": "",
      "fullFile": "cypress/e2e/login.cy.js",
      "file": "cypress/e2e/login.cy.js",
      "beforeHooks": [],
      "afterHooks": [],
      "tests": [],
      "suites": [
        {
          "uuid": "94ca09dd-6bdb-4536-9716-b62e63e34f4f",
          "title": "Login no SauceDemo",
          "fullFile": "",
          "file": "",
          "beforeHooks": [],
          "afterHooks": [],
          "tests": [
            {
              "title": "Login com sucesso",
              "fullTitle": "Login no SauceDemo Login com sucesso",
              "timedOut": null,
              "duration": 5071,
              "state": "passed",
              "speed": "medium",
              "pass": true,
              "fail": false,
              "pending": false,
              "context": null,
              "code": "cy.get('[data-test=\"username\"]').type(_users.default.validUser.username);\ncy.get('[data-test=\"password\"]').type(_users.default.validUser.password);\ncy.get('[data-test=\"login-button\"]').click();\ncy.screenshot('User logado');\ncy.url().should('include', '/inventory.html');\ncy.get('.title').should('contain', 'Products');",
              "err": {},
              "uuid": "ef917c05-7f65-4c7a-95dd-26d0eab1b472",
              "parentUUID": "94ca09dd-6bdb-4536-9716-b62e63e34f4f",
              "isHook": false,
              "skipped": false
            },
            {
              "title": "Login com falha",
              "fullTitle": "Login no SauceDemo Login com falha",
              "timedOut": null,
              "duration": 1159,
              "state": "passed",
              "speed": "fast",
              "pass": true,
              "fail": false,
              "pending": false,
              "context": null,
              "code": "cy.get('[data-test=\"username\"]').type(_users.default.invalidUser.username);\ncy.get('[data-test=\"password\"]').type(_users.default.invalidUser.password);\ncy.get('[data-test=\"login-button\"]').click();\ncy.screenshot('User com falha no Login');\ncy.get('[data-test=\"error\"]').should('be.visible');",
              "err": {},
              "uuid": "c5453fb8-8083-4ed8-b6d4-c72af6a8db40",
              "parentUUID": "94ca09dd-6bdb-4536-9716-b62e63e34f4f",
              "isHook": false,
              "skipped": false
            }
          ],
          "suites": [],
          "passes": [
            "ef917c05-7f65-4c7a-95dd-26d0eab1b472",
            "c5453fb8-8083-4ed8-b6d4-c72af6a8db40"
          ],
          "failures": [],
          "pending": [],
          "skipped": [],
          "duration": 6230,
          "root": false,
          "rootEmpty": false,
          "_timeout": 2000
        }
      ],
      "passes": [],
      "failures": [],
      "pending": [],
      "skipped": [],
      "duration": 0,
      "root": true,
      "rootEmpty": true,
      "_timeout": 2000
    }
  ],
  "meta": {
    "mocha": {
      "version": "7.2.0"
    },
    "mochawesome": {
      "options": {
        "quiet": false,
        "reportFilename": "mochawesome",
        "saveHtml": true,
        "saveJson": true,
        "consoleReporter": "spec",
        "useInlineDiffs": false,
        "code": true
      },
      "version": "7.1.3"
    },
    "marge": {
      "options": {
        "reportDir": "cypress/reports",
        "overwrite": false,
        "html": true,
        "json": true
      },
      "version": "6.2.0"
    }
  }
}